{
  "RSpec": {
    "coverage": {
      "/Users/nicoshanstrom/Turing/3mod/challenges/market_money_fe/config/environment.rb": {
        "lines": [
          null,
          1,
          null,
          null,
          1
        ]
      },
      "/Users/nicoshanstrom/Turing/3mod/challenges/market_money_fe/config/application.rb": {
        "lines": [
          1,
          null,
          1,
          null,
          1,
          1,
          1,
          1,
          1,
          1,
          1,
          1,
          1,
          1,
          null,
          null,
          null,
          null,
          1,
          null,
          1,
          1,
          null,
          1,
          null,
          1,
          null,
          null,
          null,
          null,
          1,
          null,
          null,
          null,
          null,
          null,
          null,
          null,
          null,
          null,
          null,
          1,
          null,
          null
        ]
      },
      "/Users/nicoshanstrom/Turing/3mod/challenges/market_money_fe/config/boot.rb": {
        "lines": [
          1,
          null,
          1,
          1
        ]
      },
      "/Users/nicoshanstrom/Turing/3mod/challenges/market_money_fe/config/environments/test.rb": {
        "lines": [
          1,
          null,
          null,
          null,
          null,
          null,
          null,
          1,
          null,
          null,
          null,
          1,
          null,
          null,
          null,
          null,
          null,
          1,
          null,
          null,
          1,
          1,
          null,
          null,
          null,
          null,
          1,
          1,
          1,
          null,
          null,
          1,
          null,
          null,
          1,
          null,
          null,
          1,
          null,
          1,
          null,
          null,
          null,
          null,
          1,
          null,
          null,
          1,
          null,
          null,
          1,
          null,
          null,
          1,
          null,
          null,
          null,
          null,
          null,
          null,
          null,
          null,
          1,
          null
        ]
      },
      "/Users/nicoshanstrom/Turing/3mod/challenges/market_money_fe/config/initializers/assets.rb": {
        "lines": [
          null,
          null,
          null,
          1,
          null,
          null,
          null,
          null,
          null,
          null,
          null,
          null
        ]
      },
      "/Users/nicoshanstrom/Turing/3mod/challenges/market_money_fe/config/initializers/content_security_policy.rb": {
        "lines": [
          null,
          null,
          null,
          null,
          null,
          null,
          null,
          null,
          null,
          null,
          null,
          null,
          null,
          null,
          null,
          null,
          null,
          null,
          null,
          null,
          null,
          null,
          null,
          null,
          null
        ]
      },
      "/Users/nicoshanstrom/Turing/3mod/challenges/market_money_fe/config/initializers/filter_parameter_logging.rb": {
        "lines": [
          null,
          null,
          null,
          null,
          null,
          1,
          null,
          null
        ]
      },
      "/Users/nicoshanstrom/Turing/3mod/challenges/market_money_fe/config/initializers/inflections.rb": {
        "lines": [
          null,
          null,
          null,
          null,
          null,
          null,
          null,
          null,
          null,
          null,
          null,
          null,
          null,
          null,
          null,
          null
        ]
      },
      "/Users/nicoshanstrom/Turing/3mod/challenges/market_money_fe/config/initializers/permissions_policy.rb": {
        "lines": [
          null,
          null,
          null,
          null,
          null,
          null,
          null,
          null,
          null,
          null,
          null,
          null,
          null
        ]
      },
      "/Users/nicoshanstrom/Turing/3mod/challenges/market_money_fe/config/routes.rb": {
        "lines": [
          1,
          null,
          null,
          null,
          null,
          1,
          1,
          1,
          1,
          1,
          null,
          null,
          null,
          null,
          null,
          null
        ]
      },
      "/Users/nicoshanstrom/Turing/3mod/challenges/market_money_fe/app/helpers/application_helper.rb": {
        "lines": [
          1,
          null,
          1,
          10,
          null,
          null
        ]
      },
      "/Users/nicoshanstrom/Turing/3mod/challenges/market_money_fe/spec/support/factory_bot.rb": {
        "lines": [
          1,
          null,
          1,
          1,
          null
        ]
      },
      "/Users/nicoshanstrom/Turing/3mod/challenges/market_money_fe/spec/support/test_helpers.rb": {
        "lines": [
          1,
          null,
          null,
          null,
          null,
          null
        ]
      },
      "/Users/nicoshanstrom/Turing/3mod/challenges/market_money_fe/app/controllers/markets_controller.rb": {
        "lines": [
          1,
          null,
          1,
          1,
          null,
          1,
          null,
          null,
          1,
          1,
          1,
          null,
          null,
          null
        ]
      },
      "/Users/nicoshanstrom/Turing/3mod/challenges/market_money_fe/app/controllers/application_controller.rb": {
        "lines": [
          1,
          null,
          null
        ]
      },
      "/Users/nicoshanstrom/Turing/3mod/challenges/market_money_fe/app/facades/market_money_api_facade.rb": {
        "lines": [
          1,
          null,
          1,
          1,
          null,
          null,
          1,
          1,
          null,
          null,
          1,
          1,
          null,
          null,
          null
        ]
      },
      "/Users/nicoshanstrom/Turing/3mod/challenges/market_money_fe/app/services/market_money_api.rb": {
        "lines": [
          1,
          1,
          null,
          1,
          3,
          1,
          1,
          null,
          null,
          null,
          null,
          1,
          3,
          3,
          null,
          null,
          1,
          3,
          3,
          null,
          0,
          null,
          null,
          null
        ]
      },
      "/Users/nicoshanstrom/Turing/3mod/challenges/market_money_fe/app/services/market_service.rb": {
        "lines": [
          1,
          1,
          1,
          null,
          847,
          null,
          null,
          0,
          null,
          null,
          null
        ]
      },
      "/Users/nicoshanstrom/Turing/3mod/challenges/market_money_fe/app/poros/market.rb": {
        "lines": [
          1,
          1,
          null,
          1,
          847,
          846,
          null,
          1,
          null,
          null,
          null,
          1,
          null,
          1,
          846,
          846,
          846,
          846,
          846,
          846,
          846,
          846,
          846,
          846,
          null,
          null,
          1,
          1,
          1,
          1,
          1,
          1,
          1,
          1,
          1,
          1,
          1,
          null,
          null
        ]
      },
      "/Users/nicoshanstrom/Turing/3mod/challenges/market_money_fe/app/services/market_vendor_service.rb": {
        "lines": [
          1,
          1,
          2,
          null,
          null
        ]
      },
      "/Users/nicoshanstrom/Turing/3mod/challenges/market_money_fe/app/poros/vendor.rb": {
        "lines": [
          1,
          1,
          null,
          1,
          1,
          1,
          1,
          1,
          1,
          1,
          null,
          null
        ]
      }
    },
    "timestamp": 1716508668
  }
}
